  1.cpp
E:\VS2019\Syntax Parser Programming\1.cpp(39,17): warning C4018: “<”: 有符号/无符号不匹配
E:\VS2019\Syntax Parser Programming\1.cpp(58,20): warning C4018: “<”: 有符号/无符号不匹配
E:\VS2019\Syntax Parser Programming\1.cpp(60,21): warning C4018: “<”: 有符号/无符号不匹配
E:\VS2019\Syntax Parser Programming\1.cpp(66,20): warning C4018: “<”: 有符号/无符号不匹配
E:\VS2019\Syntax Parser Programming\1.cpp(82,20): warning C4018: “<”: 有符号/无符号不匹配
E:\VS2019\Syntax Parser Programming\1.cpp(84,21): warning C4018: “<”: 有符号/无符号不匹配
E:\VS2019\Syntax Parser Programming\1.cpp(90,20): warning C4018: “<”: 有符号/无符号不匹配
E:\VS2019\Syntax Parser Programming\1.cpp(24,7): warning C4101: “c”: 未引用的局部变量
E:\VS2019\Syntax Parser Programming\1.cpp(120,20): warning C4018: “<”: 有符号/无符号不匹配
E:\VS2019\Syntax Parser Programming\1.cpp(143,16): warning C4018: “<”: 有符号/无符号不匹配
E:\VS2019\Syntax Parser Programming\1.cpp(145,19): warning C4018: “<”: 有符号/无符号不匹配
E:\VS2019\Syntax Parser Programming\1.cpp(163,27): warning C4018: “<”: 有符号/无符号不匹配
E:\VS2019\Syntax Parser Programming\1.cpp(185,20): warning C4018: “<”: 有符号/无符号不匹配
E:\VS2019\Syntax Parser Programming\1.cpp(190,22): warning C4018: “<”: 有符号/无符号不匹配
E:\VS2019\Syntax Parser Programming\1.cpp(196,21): warning C4018: “<”: 有符号/无符号不匹配
E:\VS2019\Syntax Parser Programming\1.cpp(205,23): warning C4018: “<”: 有符号/无符号不匹配
E:\VS2019\Syntax Parser Programming\1.cpp(221,20): warning C4018: “<”: 有符号/无符号不匹配
E:\VS2019\Syntax Parser Programming\1.cpp(304,22): warning C4018: “<”: 有符号/无符号不匹配
E:\VS2019\Syntax Parser Programming\1.cpp(340,6): warning C4101: “j”: 未引用的局部变量
  Syntax Parser Programming.vcxproj -> E:\VS2019\Syntax Parser Programming\Debug\Syntax Parser Programming.exe
